Using pre-set license
Built from '2020.2/release' branch; Version is '2020.2.2f1 (068178b99f32) revision 426360'; Using compiler version '192528614'; Build Type 'Release'
OS: 'Windows 10 Home; OS build 19042.1415; Version 2009; 64bit' Language: 'sv' Physical Memory: 16310 MB
BatchMode: 1, IsHumanControllingUs: 0, StartBugReporterOnCrash: 0, Is64bit: 1, IsPro: 0

 COMMAND LINE ARGUMENTS:
C:\Program Files\Unity\Hub\Editor\2020.2.2f1\Editor\Unity.exe
-adb2
-batchMode
-noUpm
-name
AssetImportWorker1
-projectPath
E:/LinusFiles/Dokument/Skola/LiU/Procedurella Bilder/Underwater-Git/Underwater/Underwater
-logFile
Logs/AssetImportWorker1.log
-srvPort
53394
Successfully changed project path to: E:/LinusFiles/Dokument/Skola/LiU/Procedurella Bilder/Underwater-Git/Underwater/Underwater
E:/LinusFiles/Dokument/Skola/LiU/Procedurella Bilder/Underwater-Git/Underwater/Underwater
Using Asset Import Pipeline V2.
Refreshing native plugins compatible for Editor in 55.62 ms, found 0 plugins.
Preloading 0 native plugins for Editor in 0.00 ms.
Initialize engine version: 2020.2.2f1 (068178b99f32)
[Subsystems] Discovering subsystems at path C:/Program Files/Unity/Hub/Editor/2020.2.2f1/Editor/Data/Resources/UnitySubsystems
[Subsystems] Discovering subsystems at path E:/LinusFiles/Dokument/Skola/LiU/Procedurella Bilder/Underwater-Git/Underwater/Underwater/Assets
GfxDevice: creating device client; threaded=0
Direct3D:
    Version:  Direct3D 11.0 [level 11.1]
    Renderer: NVIDIA GeForce GTX 1060 6GB (ID=0x1c03)
    Vendor:   
    VRAM:     6052 MB
    Driver:   30.0.14.9729
Initialize mono
Mono path[0] = 'C:/Program Files/Unity/Hub/Editor/2020.2.2f1/Editor/Data/Managed'
Mono path[1] = 'C:/Program Files/Unity/Hub/Editor/2020.2.2f1/Editor/Data/MonoBleedingEdge/lib/mono/unityjit'
Mono config path = 'C:/Program Files/Unity/Hub/Editor/2020.2.2f1/Editor/Data/MonoBleedingEdge/etc'
Using monoOptions --debugger-agent=transport=dt_socket,embedding=1,server=y,suspend=n,address=127.0.0.1:56152
Begin MonoManager ReloadAssembly
Registering precompiled unity dll's ...
Register platform support module: C:/Program Files/Unity/Hub/Editor/2020.2.2f1/Editor/Data/PlaybackEngines/WebGLSupport/UnityEditor.WebGL.Extensions.dll
Register platform support module: C:/Program Files/Unity/Hub/Editor/2020.2.2f1/Editor/Data/PlaybackEngines/WindowsStandaloneSupport/UnityEditor.WindowsStandalone.Extensions.dll
Registered in 0.003572 seconds.
Native extension for WindowsStandalone target not found
Native extension for WebGL target not found
Refreshing native plugins compatible for Editor in 60.78 ms, found 0 plugins.
Preloading 0 native plugins for Editor in 0.00 ms.
Invoked RoslynAnalysisRunner static constructor.
RoslynAnalysisRunner will not be running.
RoslynAnalysisRunner has terminated.
Mono: successfully reloaded assembly
- Completed reload, in  2.157 seconds
Platform modules already initialized, skipping
Registering precompiled user dll's ...
Registered in 0.001476 seconds.
Begin MonoManager ReloadAssembly
Native extension for WindowsStandalone target not found
Native extension for WebGL target not found
Refreshing native plugins compatible for Editor in 60.73 ms, found 0 plugins.
Preloading 0 native plugins for Editor in 0.00 ms.
Invoked RoslynAnalysisRunner static constructor.
RoslynAnalysisRunner will not be running.
RoslynAnalysisRunner has terminated.
Mono: successfully reloaded assembly
- Completed reload, in  3.788 seconds
Platform modules already initialized, skipping
========================================================================
Worker process is ready to serve import requests
Launched and connected shader compiler UnityShaderCompiler.exe after 0.05 seconds
Refreshing native plugins compatible for Editor in 1.27 ms, found 0 plugins.
Preloading 0 native plugins for Editor in 0.00 ms.
Unloading 3481 Unused Serialized files (Serialized files now loaded: 0)
System memory in use before: 181.5 MB.
System memory in use after: 178.9 MB.

Unloading 41 unused Assets to reduce memory usage. Loaded Objects now: 3917.
Total: 5.500900 ms (FindLiveObjects: 0.740800 ms CreateObjectMapping: 0.309800 ms MarkObjects: 2.999500 ms  DeleteObjects: 1.449000 ms)

========================================================================
Received Import Request.
  path: Assets/Scripts/MeshGenerator.cs
  artifactKey: Guid(04c0417a7ae3f5b45b1f29f5e4c17125) Importer(815301076,1909f56bfc062723c751e8b465ee728b)
Start importing Assets/Scripts/MeshGenerator.cs using Guid(04c0417a7ae3f5b45b1f29f5e4c17125) Importer(815301076,1909f56bfc062723c751e8b465ee728b)  -> (artifact id: '673f4ea4bfb5c83a864d381d7c9defdf') in 0.127475 seconds
  Import took 0.153214 seconds .

========================================================================
Received Prepare
Registering precompiled user dll's ...
Registered in 0.001381 seconds.
Begin MonoManager ReloadAssembly
Native extension for WindowsStandalone target not found
Native extension for WebGL target not found
Refreshing native plugins compatible for Editor in 0.72 ms, found 0 plugins.
Preloading 0 native plugins for Editor in 0.00 ms.
Invoked RoslynAnalysisRunner static constructor.
RoslynAnalysisRunner will not be running.
RoslynAnalysisRunner has terminated.
Mono: successfully reloaded assembly
- Completed reload, in  0.761 seconds
Platform modules already initialized, skipping
Refreshing native plugins compatible for Editor in 0.95 ms, found 0 plugins.
Preloading 0 native plugins for Editor in 0.00 ms.
Unloading 3223 Unused Serialized files (Serialized files now loaded: 0)
System memory in use before: 171.2 MB.
System memory in use after: 168.7 MB.

Unloading 36 unused Assets to reduce memory usage. Loaded Objects now: 3919.
Total: 4.320400 ms (FindLiveObjects: 0.382400 ms CreateObjectMapping: 0.199300 ms MarkObjects: 2.252000 ms  DeleteObjects: 1.485800 ms)

========================================================================
Received Import Request.
  Time since last request: 495.740017 seconds.
  path: Assets/Scripts/MeshGenerator.cs
  artifactKey: Guid(04c0417a7ae3f5b45b1f29f5e4c17125) Importer(815301076,1909f56bfc062723c751e8b465ee728b)
Start importing Assets/Scripts/MeshGenerator.cs using Guid(04c0417a7ae3f5b45b1f29f5e4c17125) Importer(815301076,1909f56bfc062723c751e8b465ee728b)  -> (artifact id: 'f7f327e9734abd2b654565f4d0fca11f') in 0.014149 seconds
  Import took 0.050026 seconds .

========================================================================
Received Prepare
Registering precompiled user dll's ...
Registered in 0.001537 seconds.
Begin MonoManager ReloadAssembly
Native extension for WindowsStandalone target not found
Native extension for WebGL target not found
Refreshing native plugins compatible for Editor in 0.78 ms, found 0 plugins.
Preloading 0 native plugins for Editor in 0.00 ms.
Invoked RoslynAnalysisRunner static constructor.
RoslynAnalysisRunner will not be running.
RoslynAnalysisRunner has terminated.
Mono: successfully reloaded assembly
- Completed reload, in  0.777 seconds
Platform modules already initialized, skipping
Refreshing native plugins compatible for Editor in 0.71 ms, found 0 plugins.
Preloading 0 native plugins for Editor in 0.00 ms.
Unloading 3223 Unused Serialized files (Serialized files now loaded: 0)
System memory in use before: 171.3 MB.
System memory in use after: 168.7 MB.

Unloading 36 unused Assets to reduce memory usage. Loaded Objects now: 3921.
Total: 5.475400 ms (FindLiveObjects: 0.400300 ms CreateObjectMapping: 0.190000 ms MarkObjects: 2.840800 ms  DeleteObjects: 2.043500 ms)

========================================================================
Received Import Request.
  Time since last request: 20.014353 seconds.
  path: Assets/Scripts/MeshGenerator.cs
  artifactKey: Guid(04c0417a7ae3f5b45b1f29f5e4c17125) Importer(815301076,1909f56bfc062723c751e8b465ee728b)
Start importing Assets/Scripts/MeshGenerator.cs using Guid(04c0417a7ae3f5b45b1f29f5e4c17125) Importer(815301076,1909f56bfc062723c751e8b465ee728b)  -> (artifact id: '5f37480772fb638952cf3fc20501c5a6') in 0.008426 seconds
  Import took 0.040677 seconds .

========================================================================
Received Prepare
Registering precompiled user dll's ...
Registered in 0.001499 seconds.
Begin MonoManager ReloadAssembly
Native extension for WindowsStandalone target not found
Native extension for WebGL target not found
Refreshing native plugins compatible for Editor in 0.73 ms, found 0 plugins.
Preloading 0 native plugins for Editor in 0.00 ms.
Invoked RoslynAnalysisRunner static constructor.
RoslynAnalysisRunner will not be running.
RoslynAnalysisRunner has terminated.
Mono: successfully reloaded assembly
- Completed reload, in  0.760 seconds
Platform modules already initialized, skipping
Refreshing native plugins compatible for Editor in 0.71 ms, found 0 plugins.
Preloading 0 native plugins for Editor in 0.00 ms.
Unloading 3223 Unused Serialized files (Serialized files now loaded: 0)
System memory in use before: 171.4 MB.
System memory in use after: 168.8 MB.

Unloading 36 unused Assets to reduce memory usage. Loaded Objects now: 3923.
Total: 4.525700 ms (FindLiveObjects: 0.383000 ms CreateObjectMapping: 0.195700 ms MarkObjects: 2.243800 ms  DeleteObjects: 1.702100 ms)

========================================================================
Received Prepare
Registering precompiled user dll's ...
Registered in 0.001256 seconds.
Begin MonoManager ReloadAssembly
Native extension for WindowsStandalone target not found
Native extension for WebGL target not found
Refreshing native plugins compatible for Editor in 0.71 ms, found 0 plugins.
Preloading 0 native plugins for Editor in 0.00 ms.
Invoked RoslynAnalysisRunner static constructor.
RoslynAnalysisRunner will not be running.
RoslynAnalysisRunner has terminated.
Mono: successfully reloaded assembly
- Completed reload, in  0.752 seconds
Platform modules already initialized, skipping
Refreshing native plugins compatible for Editor in 0.72 ms, found 0 plugins.
Preloading 0 native plugins for Editor in 0.00 ms.
Unloading 3223 Unused Serialized files (Serialized files now loaded: 0)
System memory in use before: 171.4 MB.
System memory in use after: 168.8 MB.

Unloading 36 unused Assets to reduce memory usage. Loaded Objects now: 3925.
Total: 4.704100 ms (FindLiveObjects: 0.403800 ms CreateObjectMapping: 0.200600 ms MarkObjects: 2.283200 ms  DeleteObjects: 1.815500 ms)

========================================================================
Received Import Request.
  Time since last request: 196.549184 seconds.
  path: Assets/Scripts/DecorPlacement.cs
  artifactKey: Guid(f419cb53d8c30b84082fc12b0a44da56) Importer(815301076,1909f56bfc062723c751e8b465ee728b)
Start importing Assets/Scripts/DecorPlacement.cs using Guid(f419cb53d8c30b84082fc12b0a44da56) Importer(815301076,1909f56bfc062723c751e8b465ee728b)  -> (artifact id: '1f2c35e3fb695f81fd91e71004c711ac') in 0.079809 seconds
  Import took 0.608195 seconds .

========================================================================
Received Prepare
Registering precompiled user dll's ...
Registered in 0.001330 seconds.
Begin MonoManager ReloadAssembly
Native extension for WindowsStandalone target not found
Native extension for WebGL target not found
Refreshing native plugins compatible for Editor in 0.75 ms, found 0 plugins.
Preloading 0 native plugins for Editor in 0.00 ms.
Invoked RoslynAnalysisRunner static constructor.
RoslynAnalysisRunner will not be running.
RoslynAnalysisRunner has terminated.
Mono: successfully reloaded assembly
- Completed reload, in  0.713 seconds
Platform modules already initialized, skipping
Refreshing native plugins compatible for Editor in 0.72 ms, found 0 plugins.
Preloading 0 native plugins for Editor in 0.00 ms.
Unloading 3223 Unused Serialized files (Serialized files now loaded: 0)
System memory in use before: 171.4 MB.
System memory in use after: 168.8 MB.

Unloading 36 unused Assets to reduce memory usage. Loaded Objects now: 3927.
Total: 4.049100 ms (FindLiveObjects: 0.249400 ms CreateObjectMapping: 0.069600 ms MarkObjects: 2.009600 ms  DeleteObjects: 1.719600 ms)

========================================================================
Received Prepare
Registering precompiled user dll's ...
Registered in 0.001285 seconds.
Begin MonoManager ReloadAssembly
Native extension for WindowsStandalone target not found
Native extension for WebGL target not found
Refreshing native plugins compatible for Editor in 0.75 ms, found 0 plugins.
Preloading 0 native plugins for Editor in 0.00 ms.
Invoked RoslynAnalysisRunner static constructor.
RoslynAnalysisRunner will not be running.
RoslynAnalysisRunner has terminated.
Mono: successfully reloaded assembly
- Completed reload, in  0.737 seconds
Platform modules already initialized, skipping
Refreshing native plugins compatible for Editor in 0.75 ms, found 0 plugins.
Preloading 0 native plugins for Editor in 0.00 ms.
Unloading 3223 Unused Serialized files (Serialized files now loaded: 0)
System memory in use before: 171.4 MB.
System memory in use after: 168.9 MB.

Unloading 36 unused Assets to reduce memory usage. Loaded Objects now: 3929.
Total: 4.190700 ms (FindLiveObjects: 0.347800 ms CreateObjectMapping: 0.081700 ms MarkObjects: 1.942500 ms  DeleteObjects: 1.817800 ms)

========================================================================
Received Import Request.
  Time since last request: 267.014253 seconds.
  path: Assets/Scripts/LookWithMouse.cs
  artifactKey: Guid(4eb578550bc4f824e97f0a72eac1f3a5) Importer(815301076,1909f56bfc062723c751e8b465ee728b)
Start importing Assets/Scripts/LookWithMouse.cs using Guid(4eb578550bc4f824e97f0a72eac1f3a5) Importer(815301076,1909f56bfc062723c751e8b465ee728b)  -> (artifact id: '850371808f66b7867508afa974880a8e') in 0.023360 seconds
  Import took 0.112393 seconds .

========================================================================
Received Prepare
Registering precompiled user dll's ...
Registered in 0.001322 seconds.
Begin MonoManager ReloadAssembly
Native extension for WindowsStandalone target not found
Native extension for WebGL target not found
Refreshing native plugins compatible for Editor in 0.76 ms, found 0 plugins.
Preloading 0 native plugins for Editor in 0.00 ms.
Invoked RoslynAnalysisRunner static constructor.
RoslynAnalysisRunner will not be running.
RoslynAnalysisRunner has terminated.
Mono: successfully reloaded assembly
- Completed reload, in  0.755 seconds
Platform modules already initialized, skipping
Refreshing native plugins compatible for Editor in 0.72 ms, found 0 plugins.
Preloading 0 native plugins for Editor in 0.00 ms.
Unloading 3223 Unused Serialized files (Serialized files now loaded: 0)
System memory in use before: 171.4 MB.
System memory in use after: 168.9 MB.

Unloading 36 unused Assets to reduce memory usage. Loaded Objects now: 3931.
Total: 4.213400 ms (FindLiveObjects: 0.345200 ms CreateObjectMapping: 0.158000 ms MarkObjects: 1.987600 ms  DeleteObjects: 1.721800 ms)

========================================================================
Received Import Request.
  Time since last request: 135.929144 seconds.
  path: Assets/Scripts/DecorPlacement.cs
  artifactKey: Guid(f419cb53d8c30b84082fc12b0a44da56) Importer(815301076,1909f56bfc062723c751e8b465ee728b)
Start importing Assets/Scripts/DecorPlacement.cs using Guid(f419cb53d8c30b84082fc12b0a44da56) Importer(815301076,1909f56bfc062723c751e8b465ee728b)  -> (artifact id: '3f3bfde9d89dde131d133aeefbfb278d') in 0.007935 seconds
  Import took 0.041671 seconds .

========================================================================
Received Prepare
Registering precompiled user dll's ...
Registered in 0.001281 seconds.
Begin MonoManager ReloadAssembly
Native extension for WindowsStandalone target not found
Native extension for WebGL target not found
Refreshing native plugins compatible for Editor in 0.71 ms, found 0 plugins.
Preloading 0 native plugins for Editor in 0.00 ms.
Invoked RoslynAnalysisRunner static constructor.
RoslynAnalysisRunner will not be running.
RoslynAnalysisRunner has terminated.
Mono: successfully reloaded assembly
- Completed reload, in  0.763 seconds
Platform modules already initialized, skipping
Refreshing native plugins compatible for Editor in 0.71 ms, found 0 plugins.
Preloading 0 native plugins for Editor in 0.00 ms.
Unloading 3223 Unused Serialized files (Serialized files now loaded: 0)
System memory in use before: 171.4 MB.
System memory in use after: 168.9 MB.

Unloading 36 unused Assets to reduce memory usage. Loaded Objects now: 3933.
Total: 4.581400 ms (FindLiveObjects: 0.334400 ms CreateObjectMapping: 0.141100 ms MarkObjects: 2.109100 ms  DeleteObjects: 1.995900 ms)

========================================================================
Received Import Request.
  Time since last request: 12.502615 seconds.
  path: Assets/Scripts/DecorPlacement.cs
  artifactKey: Guid(f419cb53d8c30b84082fc12b0a44da56) Importer(815301076,1909f56bfc062723c751e8b465ee728b)
Start importing Assets/Scripts/DecorPlacement.cs using Guid(f419cb53d8c30b84082fc12b0a44da56) Importer(815301076,1909f56bfc062723c751e8b465ee728b)  -> (artifact id: '444136b78c67250fc4427f5ea8835609') in 0.012654 seconds
  Import took 0.065569 seconds .

========================================================================
Received Prepare
Registering precompiled user dll's ...
Registered in 0.001644 seconds.
Begin MonoManager ReloadAssembly
Native extension for WindowsStandalone target not found
Native extension for WebGL target not found
Refreshing native plugins compatible for Editor in 0.72 ms, found 0 plugins.
Preloading 0 native plugins for Editor in 0.00 ms.
Invoked RoslynAnalysisRunner static constructor.
RoslynAnalysisRunner will not be running.
RoslynAnalysisRunner has terminated.
Mono: successfully reloaded assembly
- Completed reload, in  0.709 seconds
Platform modules already initialized, skipping
Refreshing native plugins compatible for Editor in 0.79 ms, found 0 plugins.
Preloading 0 native plugins for Editor in 0.00 ms.
Unloading 3223 Unused Serialized files (Serialized files now loaded: 0)
System memory in use before: 171.4 MB.
System memory in use after: 168.9 MB.

Unloading 36 unused Assets to reduce memory usage. Loaded Objects now: 3935.
Total: 6.640800 ms (FindLiveObjects: 0.616800 ms CreateObjectMapping: 0.285400 ms MarkObjects: 2.909700 ms  DeleteObjects: 2.827300 ms)

========================================================================
Received Import Request.
  Time since last request: 28.910332 seconds.
  path: Assets/Scripts/DecorPlacement.cs
  artifactKey: Guid(f419cb53d8c30b84082fc12b0a44da56) Importer(815301076,1909f56bfc062723c751e8b465ee728b)
Start importing Assets/Scripts/DecorPlacement.cs using Guid(f419cb53d8c30b84082fc12b0a44da56) Importer(815301076,1909f56bfc062723c751e8b465ee728b)  -> (artifact id: '3d81350a81af1bde18d2dc7c33efa9f5') in 0.007679 seconds
  Import took 0.013146 seconds .

========================================================================
Received Prepare
Registering precompiled user dll's ...
Registered in 0.001472 seconds.
Begin MonoManager ReloadAssembly
Native extension for WindowsStandalone target not found
Native extension for WebGL target not found
Refreshing native plugins compatible for Editor in 0.73 ms, found 0 plugins.
Preloading 0 native plugins for Editor in 0.00 ms.
Invoked RoslynAnalysisRunner static constructor.
RoslynAnalysisRunner will not be running.
RoslynAnalysisRunner has terminated.
Mono: successfully reloaded assembly
- Completed reload, in  0.753 seconds
Platform modules already initialized, skipping
Refreshing native plugins compatible for Editor in 0.70 ms, found 0 plugins.
Preloading 0 native plugins for Editor in 0.00 ms.
Unloading 3223 Unused Serialized files (Serialized files now loaded: 0)
System memory in use before: 171.4 MB.
System memory in use after: 168.9 MB.

Unloading 36 unused Assets to reduce memory usage. Loaded Objects now: 3937.
Total: 4.403400 ms (FindLiveObjects: 0.345300 ms CreateObjectMapping: 0.175600 ms MarkObjects: 1.963100 ms  DeleteObjects: 1.918500 ms)

========================================================================
Received Import Request.
  Time since last request: 15.482703 seconds.
  path: Assets/Scripts/DecorPlacement.cs
  artifactKey: Guid(f419cb53d8c30b84082fc12b0a44da56) Importer(815301076,1909f56bfc062723c751e8b465ee728b)
Start importing Assets/Scripts/DecorPlacement.cs using Guid(f419cb53d8c30b84082fc12b0a44da56) Importer(815301076,1909f56bfc062723c751e8b465ee728b)  -> (artifact id: 'db01f23c4197bb1e812d1db2c052df2c') in 0.008801 seconds
  Import took 0.042645 seconds .

========================================================================
Received Prepare
Registering precompiled user dll's ...
Registered in 0.001344 seconds.
Begin MonoManager ReloadAssembly
Native extension for WindowsStandalone target not found
Native extension for WebGL target not found
Refreshing native plugins compatible for Editor in 0.81 ms, found 0 plugins.
Preloading 0 native plugins for Editor in 0.00 ms.
Invoked RoslynAnalysisRunner static constructor.
RoslynAnalysisRunner will not be running.
RoslynAnalysisRunner has terminated.
Mono: successfully reloaded assembly
- Completed reload, in  0.760 seconds
Platform modules already initialized, skipping
Refreshing native plugins compatible for Editor in 0.70 ms, found 0 plugins.
Preloading 0 native plugins for Editor in 0.00 ms.
Unloading 3223 Unused Serialized files (Serialized files now loaded: 0)
System memory in use before: 171.5 MB.
System memory in use after: 168.9 MB.

Unloading 36 unused Assets to reduce memory usage. Loaded Objects now: 3939.
Total: 4.504400 ms (FindLiveObjects: 0.369600 ms CreateObjectMapping: 0.179200 ms MarkObjects: 2.125700 ms  DeleteObjects: 1.828900 ms)

========================================================================
Received Prepare
Registering precompiled user dll's ...
Registered in 0.001275 seconds.
Begin MonoManager ReloadAssembly
Native extension for WindowsStandalone target not found
Native extension for WebGL target not found
Refreshing native plugins compatible for Editor in 0.71 ms, found 0 plugins.
Preloading 0 native plugins for Editor in 0.00 ms.
Invoked RoslynAnalysisRunner static constructor.
RoslynAnalysisRunner will not be running.
RoslynAnalysisRunner has terminated.
Mono: successfully reloaded assembly
- Completed reload, in  0.751 seconds
Platform modules already initialized, skipping
Refreshing native plugins compatible for Editor in 0.73 ms, found 0 plugins.
Preloading 0 native plugins for Editor in 0.00 ms.
Unloading 3223 Unused Serialized files (Serialized files now loaded: 0)
System memory in use before: 171.5 MB.
System memory in use after: 168.9 MB.

Unloading 36 unused Assets to reduce memory usage. Loaded Objects now: 3941.
Total: 6.533900 ms (FindLiveObjects: 0.309500 ms CreateObjectMapping: 0.130800 ms MarkObjects: 2.366200 ms  DeleteObjects: 3.726400 ms)

========================================================================
Received Import Request.
  Time since last request: 21.440282 seconds.
  path: Assets/Scripts/DecorPlacement.cs
  artifactKey: Guid(f419cb53d8c30b84082fc12b0a44da56) Importer(815301076,1909f56bfc062723c751e8b465ee728b)
Start importing Assets/Scripts/DecorPlacement.cs using Guid(f419cb53d8c30b84082fc12b0a44da56) Importer(815301076,1909f56bfc062723c751e8b465ee728b)  -> (artifact id: '7f58162bd808d89982f365ecc4b63611') in 0.007592 seconds
  Import took 0.046160 seconds .

========================================================================
Received Prepare
Registering precompiled user dll's ...
Registered in 0.001483 seconds.
Begin MonoManager ReloadAssembly
Native extension for WindowsStandalone target not found
Native extension for WebGL target not found
Refreshing native plugins compatible for Editor in 0.72 ms, found 0 plugins.
Preloading 0 native plugins for Editor in 0.00 ms.
Invoked RoslynAnalysisRunner static constructor.
RoslynAnalysisRunner will not be running.
RoslynAnalysisRunner has terminated.
Mono: successfully reloaded assembly
- Completed reload, in  0.772 seconds
Platform modules already initialized, skipping
Refreshing native plugins compatible for Editor in 0.75 ms, found 0 plugins.
Preloading 0 native plugins for Editor in 0.00 ms.
Unloading 3223 Unused Serialized files (Serialized files now loaded: 0)
System memory in use before: 171.5 MB.
System memory in use after: 168.9 MB.

Unloading 36 unused Assets to reduce memory usage. Loaded Objects now: 3943.
Total: 4.764500 ms (FindLiveObjects: 0.437700 ms CreateObjectMapping: 0.218000 ms MarkObjects: 2.272400 ms  DeleteObjects: 1.835400 ms)

========================================================================
Received Prepare
Registering precompiled user dll's ...
Registered in 0.001660 seconds.
Begin MonoManager ReloadAssembly
Native extension for WindowsStandalone target not found
Native extension for WebGL target not found
Refreshing native plugins compatible for Editor in 0.72 ms, found 0 plugins.
Preloading 0 native plugins for Editor in 0.00 ms.
Invoked RoslynAnalysisRunner static constructor.
RoslynAnalysisRunner will not be running.
RoslynAnalysisRunner has terminated.
Mono: successfully reloaded assembly
- Completed reload, in  0.740 seconds
Platform modules already initialized, skipping
Refreshing native plugins compatible for Editor in 0.72 ms, found 0 plugins.
Preloading 0 native plugins for Editor in 0.00 ms.
Unloading 3223 Unused Serialized files (Serialized files now loaded: 0)
System memory in use before: 171.5 MB.
System memory in use after: 168.9 MB.

Unloading 36 unused Assets to reduce memory usage. Loaded Objects now: 3945.
Total: 4.607600 ms (FindLiveObjects: 0.340500 ms CreateObjectMapping: 0.228100 ms MarkObjects: 2.196800 ms  DeleteObjects: 1.841200 ms)

========================================================================
Received Import Request.
  Time since last request: 30.721108 seconds.
  path: Assets/Scripts/DecorPlacement.cs
  artifactKey: Guid(f419cb53d8c30b84082fc12b0a44da56) Importer(815301076,1909f56bfc062723c751e8b465ee728b)
Start importing Assets/Scripts/DecorPlacement.cs using Guid(f419cb53d8c30b84082fc12b0a44da56) Importer(815301076,1909f56bfc062723c751e8b465ee728b)  -> (artifact id: '00000000000000000000000000000000') in 0.000950 seconds
  ERROR: Build asset version error: assets/scripts/decorplacement.cs in SourceAssetDB has modification time of '2022-01-04T16:48:12.4109183Z' while content on disk has modification time of '2022-01-04T16:48:25.665395Z'
  Import took 0.005220 seconds .

========================================================================
Received Import Request.
  Time since last request: 0.029580 seconds.
  path: Assets/Scripts/DecorPlacement.cs
  artifactKey: Guid(f419cb53d8c30b84082fc12b0a44da56) Importer(815301076,1909f56bfc062723c751e8b465ee728b)
Start importing Assets/Scripts/DecorPlacement.cs using Guid(f419cb53d8c30b84082fc12b0a44da56) Importer(815301076,1909f56bfc062723c751e8b465ee728b)  -> (artifact id: '00000000000000000000000000000000') in 0.000284 seconds
  ERROR: Build asset version error: assets/scripts/decorplacement.cs in SourceAssetDB has modification time of '2022-01-04T16:48:12.4109183Z' while content on disk has modification time of '2022-01-04T16:48:25.665395Z'
  Import took 0.004412 seconds .

========================================================================
Received Import Request.
  Time since last request: 0.012859 seconds.
  path: Assets/Scripts/DecorPlacement.cs
  artifactKey: Guid(f419cb53d8c30b84082fc12b0a44da56) Importer(815301076,1909f56bfc062723c751e8b465ee728b)
Start importing Assets/Scripts/DecorPlacement.cs using Guid(f419cb53d8c30b84082fc12b0a44da56) Importer(815301076,1909f56bfc062723c751e8b465ee728b)  -> (artifact id: '00000000000000000000000000000000') in 0.000226 seconds
  ERROR: Build asset version error: assets/scripts/decorplacement.cs in SourceAssetDB has modification time of '2022-01-04T16:48:12.4109183Z' while content on disk has modification time of '2022-01-04T16:48:25.665395Z'
  Import took 0.004561 seconds .

========================================================================
Received Import Request.
  Time since last request: 0.008119 seconds.
  path: Assets/Scripts/DecorPlacement.cs
  artifactKey: Guid(f419cb53d8c30b84082fc12b0a44da56) Importer(815301076,1909f56bfc062723c751e8b465ee728b)
Start importing Assets/Scripts/DecorPlacement.cs using Guid(f419cb53d8c30b84082fc12b0a44da56) Importer(815301076,1909f56bfc062723c751e8b465ee728b)  -> (artifact id: '00000000000000000000000000000000') in 0.000280 seconds
  ERROR: Build asset version error: assets/scripts/decorplacement.cs in SourceAssetDB has modification time of '2022-01-04T16:48:12.4109183Z' while content on disk has modification time of '2022-01-04T16:48:25.665395Z'
  Import took 0.004892 seconds .

========================================================================
Received Import Request.
  Time since last request: 0.008212 seconds.
  path: Assets/Scripts/DecorPlacement.cs
  artifactKey: Guid(f419cb53d8c30b84082fc12b0a44da56) Importer(815301076,1909f56bfc062723c751e8b465ee728b)
Start importing Assets/Scripts/DecorPlacement.cs using Guid(f419cb53d8c30b84082fc12b0a44da56) Importer(815301076,1909f56bfc062723c751e8b465ee728b)  -> (artifact id: '00000000000000000000000000000000') in 0.000246 seconds
  ERROR: Build asset version error: assets/scripts/decorplacement.cs in SourceAssetDB has modification time of '2022-01-04T16:48:12.4109183Z' while content on disk has modification time of '2022-01-04T16:48:25.665395Z'
  Import took 0.004257 seconds .

========================================================================
Received Import Request.
  Time since last request: 0.008620 seconds.
  path: Assets/Scripts/DecorPlacement.cs
  artifactKey: Guid(f419cb53d8c30b84082fc12b0a44da56) Importer(815301076,1909f56bfc062723c751e8b465ee728b)
Start importing Assets/Scripts/DecorPlacement.cs using Guid(f419cb53d8c30b84082fc12b0a44da56) Importer(815301076,1909f56bfc062723c751e8b465ee728b)  -> (artifact id: '00000000000000000000000000000000') in 0.000219 seconds
  ERROR: Build asset version error: assets/scripts/decorplacement.cs in SourceAssetDB has modification time of '2022-01-04T16:48:12.4109183Z' while content on disk has modification time of '2022-01-04T16:48:25.665395Z'
  Import took 0.004349 seconds .

========================================================================
Received Import Request.
  Time since last request: 0.012999 seconds.
  path: Assets/Scripts/DecorPlacement.cs
  artifactKey: Guid(f419cb53d8c30b84082fc12b0a44da56) Importer(815301076,1909f56bfc062723c751e8b465ee728b)
Start importing Assets/Scripts/DecorPlacement.cs using Guid(f419cb53d8c30b84082fc12b0a44da56) Importer(815301076,1909f56bfc062723c751e8b465ee728b)  -> (artifact id: '00000000000000000000000000000000') in 0.000255 seconds
  ERROR: Build asset version error: assets/scripts/decorplacement.cs in SourceAssetDB has modification time of '2022-01-04T16:48:12.4109183Z' while content on disk has modification time of '2022-01-04T16:48:25.665395Z'
  Import took 0.004365 seconds .

========================================================================
Received Import Request.
  Time since last request: 0.008104 seconds.
  path: Assets/Scripts/DecorPlacement.cs
  artifactKey: Guid(f419cb53d8c30b84082fc12b0a44da56) Importer(815301076,1909f56bfc062723c751e8b465ee728b)
Start importing Assets/Scripts/DecorPlacement.cs using Guid(f419cb53d8c30b84082fc12b0a44da56) Importer(815301076,1909f56bfc062723c751e8b465ee728b)  -> (artifact id: '00000000000000000000000000000000') in 0.000293 seconds
  ERROR: Build asset version error: assets/scripts/decorplacement.cs in SourceAssetDB has modification time of '2022-01-04T16:48:12.4109183Z' while content on disk has modification time of '2022-01-04T16:48:25.665395Z'
  Import took 0.004357 seconds .

========================================================================
Received Import Request.
  Time since last request: 0.008399 seconds.
  path: Assets/Scripts/DecorPlacement.cs
  artifactKey: Guid(f419cb53d8c30b84082fc12b0a44da56) Importer(815301076,1909f56bfc062723c751e8b465ee728b)
Start importing Assets/Scripts/DecorPlacement.cs using Guid(f419cb53d8c30b84082fc12b0a44da56) Importer(815301076,1909f56bfc062723c751e8b465ee728b)  -> (artifact id: '00000000000000000000000000000000') in 0.000246 seconds
  ERROR: Build asset version error: assets/scripts/decorplacement.cs in SourceAssetDB has modification time of '2022-01-04T16:48:12.4109183Z' while content on disk has modification time of '2022-01-04T16:48:25.665395Z'
  Import took 0.004144 seconds .

========================================================================
Received Import Request.
  Time since last request: 0.009931 seconds.
  path: Assets/Scripts/DecorPlacement.cs
  artifactKey: Guid(f419cb53d8c30b84082fc12b0a44da56) Importer(815301076,1909f56bfc062723c751e8b465ee728b)
Start importing Assets/Scripts/DecorPlacement.cs using Guid(f419cb53d8c30b84082fc12b0a44da56) Importer(815301076,1909f56bfc062723c751e8b465ee728b)  -> (artifact id: '00000000000000000000000000000000') in 0.000280 seconds
  ERROR: Build asset version error: assets/scripts/decorplacement.cs in SourceAssetDB has modification time of '2022-01-04T16:48:12.4109183Z' while content on disk has modification time of '2022-01-04T16:48:25.665395Z'
  Import took 0.005454 seconds .

========================================================================
Received Import Request.
  Time since last request: 0.009523 seconds.
  path: Assets/Scripts/DecorPlacement.cs
  artifactKey: Guid(f419cb53d8c30b84082fc12b0a44da56) Importer(815301076,1909f56bfc062723c751e8b465ee728b)
Start importing Assets/Scripts/DecorPlacement.cs using Guid(f419cb53d8c30b84082fc12b0a44da56) Importer(815301076,1909f56bfc062723c751e8b465ee728b)  -> (artifact id: '00000000000000000000000000000000') in 0.000220 seconds
  ERROR: Build asset version error: assets/scripts/decorplacement.cs in SourceAssetDB has modification time of '2022-01-04T16:48:12.4109183Z' while content on disk has modification time of '2022-01-04T16:48:25.665395Z'
  Import took 0.004296 seconds .

========================================================================
Received Import Request.
  Time since last request: 0.008548 seconds.
  path: Assets/Scripts/DecorPlacement.cs
  artifactKey: Guid(f419cb53d8c30b84082fc12b0a44da56) Importer(815301076,1909f56bfc062723c751e8b465ee728b)
Start importing Assets/Scripts/DecorPlacement.cs using Guid(f419cb53d8c30b84082fc12b0a44da56) Importer(815301076,1909f56bfc062723c751e8b465ee728b)  -> (artifact id: '00000000000000000000000000000000') in 0.000227 seconds
  ERROR: Build asset version error: assets/scripts/decorplacement.cs in SourceAssetDB has modification time of '2022-01-04T16:48:12.4109183Z' while content on disk has modification time of '2022-01-04T16:48:25.665395Z'
  Import took 0.004242 seconds .

========================================================================
Received Import Request.
  Time since last request: 0.008771 seconds.
  path: Assets/Scripts/DecorPlacement.cs
  artifactKey: Guid(f419cb53d8c30b84082fc12b0a44da56) Importer(815301076,1909f56bfc062723c751e8b465ee728b)
Start importing Assets/Scripts/DecorPlacement.cs using Guid(f419cb53d8c30b84082fc12b0a44da56) Importer(815301076,1909f56bfc062723c751e8b465ee728b)  -> (artifact id: '00000000000000000000000000000000') in 0.000205 seconds
  ERROR: Build asset version error: assets/scripts/decorplacement.cs in SourceAssetDB has modification time of '2022-01-04T16:48:12.4109183Z' while content on disk has modification time of '2022-01-04T16:48:25.665395Z'
  Import took 0.004139 seconds .

========================================================================
Received Import Request.
  Time since last request: 0.009216 seconds.
  path: Assets/Scripts/DecorPlacement.cs
  artifactKey: Guid(f419cb53d8c30b84082fc12b0a44da56) Importer(815301076,1909f56bfc062723c751e8b465ee728b)
Start importing Assets/Scripts/DecorPlacement.cs using Guid(f419cb53d8c30b84082fc12b0a44da56) Importer(815301076,1909f56bfc062723c751e8b465ee728b)  -> (artifact id: '00000000000000000000000000000000') in 0.000213 seconds
  ERROR: Build asset version error: assets/scripts/decorplacement.cs in SourceAssetDB has modification time of '2022-01-04T16:48:12.4109183Z' while content on disk has modification time of '2022-01-04T16:48:25.665395Z'
  Import took 0.004148 seconds .

========================================================================
Received Import Request.
  Time since last request: 0.010518 seconds.
  path: Assets/Scripts/DecorPlacement.cs
  artifactKey: Guid(f419cb53d8c30b84082fc12b0a44da56) Importer(815301076,1909f56bfc062723c751e8b465ee728b)
Start importing Assets/Scripts/DecorPlacement.cs using Guid(f419cb53d8c30b84082fc12b0a44da56) Importer(815301076,1909f56bfc062723c751e8b465ee728b)  -> (artifact id: '00000000000000000000000000000000') in 0.000229 seconds
  ERROR: Build asset version error: assets/scripts/decorplacement.cs in SourceAssetDB has modification time of '2022-01-04T16:48:12.4109183Z' while content on disk has modification time of '2022-01-04T16:48:25.665395Z'
  Import took 0.004228 seconds .

========================================================================
Received Import Request.
  Time since last request: 0.008463 seconds.
  path: Assets/Scripts/DecorPlacement.cs
  artifactKey: Guid(f419cb53d8c30b84082fc12b0a44da56) Importer(815301076,1909f56bfc062723c751e8b465ee728b)
Start importing Assets/Scripts/DecorPlacement.cs using Guid(f419cb53d8c30b84082fc12b0a44da56) Importer(815301076,1909f56bfc062723c751e8b465ee728b)  -> (artifact id: '00000000000000000000000000000000') in 0.000220 seconds
  ERROR: Build asset version error: assets/scripts/decorplacement.cs in SourceAssetDB has modification time of '2022-01-04T16:48:12.4109183Z' while content on disk has modification time of '2022-01-04T16:48:25.665395Z'
  Import took 0.004237 seconds .

========================================================================
Received Import Request.
  Time since last request: 0.008808 seconds.
  path: Assets/Scripts/DecorPlacement.cs
  artifactKey: Guid(f419cb53d8c30b84082fc12b0a44da56) Importer(815301076,1909f56bfc062723c751e8b465ee728b)
Start importing Assets/Scripts/DecorPlacement.cs using Guid(f419cb53d8c30b84082fc12b0a44da56) Importer(815301076,1909f56bfc062723c751e8b465ee728b)  -> (artifact id: '00000000000000000000000000000000') in 0.000293 seconds
  ERROR: Build asset version error: assets/scripts/decorplacement.cs in SourceAssetDB has modification time of '2022-01-04T16:48:12.4109183Z' while content on disk has modification time of '2022-01-04T16:48:25.665395Z'
  Import took 0.004626 seconds .

========================================================================
Received Import Request.
  Time since last request: 0.013607 seconds.
  path: Assets/Scripts/DecorPlacement.cs
  artifactKey: Guid(f419cb53d8c30b84082fc12b0a44da56) Importer(815301076,1909f56bfc062723c751e8b465ee728b)
Start importing Assets/Scripts/DecorPlacement.cs using Guid(f419cb53d8c30b84082fc12b0a44da56) Importer(815301076,1909f56bfc062723c751e8b465ee728b)  -> (artifact id: '00000000000000000000000000000000') in 0.000233 seconds
  ERROR: Build asset version error: assets/scripts/decorplacement.cs in SourceAssetDB has modification time of '2022-01-04T16:48:12.4109183Z' while content on disk has modification time of '2022-01-04T16:48:25.665395Z'
  Import took 0.004804 seconds .

========================================================================
Received Import Request.
  Time since last request: 0.008214 seconds.
  path: Assets/Scripts/DecorPlacement.cs
  artifactKey: Guid(f419cb53d8c30b84082fc12b0a44da56) Importer(815301076,1909f56bfc062723c751e8b465ee728b)
Start importing Assets/Scripts/DecorPlacement.cs using Guid(f419cb53d8c30b84082fc12b0a44da56) Importer(815301076,1909f56bfc062723c751e8b465ee728b)  -> (artifact id: '00000000000000000000000000000000') in 0.000209 seconds
  ERROR: Build asset version error: assets/scripts/decorplacement.cs in SourceAssetDB has modification time of '2022-01-04T16:48:12.4109183Z' while content on disk has modification time of '2022-01-04T16:48:25.665395Z'
  Import took 0.003973 seconds .

========================================================================
Received Import Request.
  Time since last request: 0.008813 seconds.
  path: Assets/Scripts/DecorPlacement.cs
  artifactKey: Guid(f419cb53d8c30b84082fc12b0a44da56) Importer(815301076,1909f56bfc062723c751e8b465ee728b)
Start importing Assets/Scripts/DecorPlacement.cs using Guid(f419cb53d8c30b84082fc12b0a44da56) Importer(815301076,1909f56bfc062723c751e8b465ee728b)  -> (artifact id: '00000000000000000000000000000000') in 0.000266 seconds
  ERROR: Build asset version error: assets/scripts/decorplacement.cs in SourceAssetDB has modification time of '2022-01-04T16:48:12.4109183Z' while content on disk has modification time of '2022-01-04T16:48:25.665395Z'
  Import took 0.004080 seconds .

========================================================================
Received Import Request.
  Time since last request: 0.008710 seconds.
  path: Assets/Scripts/DecorPlacement.cs
  artifactKey: Guid(f419cb53d8c30b84082fc12b0a44da56) Importer(815301076,1909f56bfc062723c751e8b465ee728b)
Start importing Assets/Scripts/DecorPlacement.cs using Guid(f419cb53d8c30b84082fc12b0a44da56) Importer(815301076,1909f56bfc062723c751e8b465ee728b)  -> (artifact id: '00000000000000000000000000000000') in 0.000214 seconds
  ERROR: Build asset version error: assets/scripts/decorplacement.cs in SourceAssetDB has modification time of '2022-01-04T16:48:12.4109183Z' while content on disk has modification time of '2022-01-04T16:48:25.665395Z'
  Import took 0.004231 seconds .

========================================================================
Received Import Request.
  Time since last request: 0.012202 seconds.
  path: Assets/Scripts/DecorPlacement.cs
  artifactKey: Guid(f419cb53d8c30b84082fc12b0a44da56) Importer(815301076,1909f56bfc062723c751e8b465ee728b)
Start importing Assets/Scripts/DecorPlacement.cs using Guid(f419cb53d8c30b84082fc12b0a44da56) Importer(815301076,1909f56bfc062723c751e8b465ee728b)  -> (artifact id: '00000000000000000000000000000000') in 0.000253 seconds
  ERROR: Build asset version error: assets/scripts/decorplacement.cs in SourceAssetDB has modification time of '2022-01-04T16:48:12.4109183Z' while content on disk has modification time of '2022-01-04T16:48:25.665395Z'
  Import took 0.004245 seconds .

========================================================================
Received Import Request.
  Time since last request: 0.012506 seconds.
  path: Assets/Scripts/DecorPlacement.cs
  artifactKey: Guid(f419cb53d8c30b84082fc12b0a44da56) Importer(815301076,1909f56bfc062723c751e8b465ee728b)
Start importing Assets/Scripts/DecorPlacement.cs using Guid(f419cb53d8c30b84082fc12b0a44da56) Importer(815301076,1909f56bfc062723c751e8b465ee728b)  -> (artifact id: '00000000000000000000000000000000') in 0.000308 seconds
  ERROR: Build asset version error: assets/scripts/decorplacement.cs in SourceAssetDB has modification time of '2022-01-04T16:48:12.4109183Z' while content on disk has modification time of '2022-01-04T16:48:25.665395Z'
  Import took 0.006441 seconds .

========================================================================
Received Import Request.
  Time since last request: 0.014805 seconds.
  path: Assets/Scripts/DecorPlacement.cs
  artifactKey: Guid(f419cb53d8c30b84082fc12b0a44da56) Importer(815301076,1909f56bfc062723c751e8b465ee728b)
Start importing Assets/Scripts/DecorPlacement.cs using Guid(f419cb53d8c30b84082fc12b0a44da56) Importer(815301076,1909f56bfc062723c751e8b465ee728b)  -> (artifact id: '00000000000000000000000000000000') in 0.000378 seconds
  ERROR: Build asset version error: assets/scripts/decorplacement.cs in SourceAssetDB has modification time of '2022-01-04T16:48:12.4109183Z' while content on disk has modification time of '2022-01-04T16:48:25.665395Z'
  Import took 0.005978 seconds .

========================================================================
Received Import Request.
  Time since last request: 0.013157 seconds.
  path: Assets/Scripts/DecorPlacement.cs
  artifactKey: Guid(f419cb53d8c30b84082fc12b0a44da56) Importer(815301076,1909f56bfc062723c751e8b465ee728b)
Start importing Assets/Scripts/DecorPlacement.cs using Guid(f419cb53d8c30b84082fc12b0a44da56) Importer(815301076,1909f56bfc062723c751e8b465ee728b)  -> (artifact id: '00000000000000000000000000000000') in 0.000250 seconds
  ERROR: Build asset version error: assets/scripts/decorplacement.cs in SourceAssetDB has modification time of '2022-01-04T16:48:12.4109183Z' while content on disk has modification time of '2022-01-04T16:48:25.665395Z'
  Import took 0.005124 seconds .

========================================================================
Received Import Request.
  Time since last request: 0.010189 seconds.
  path: Assets/Scripts/DecorPlacement.cs
  artifactKey: Guid(f419cb53d8c30b84082fc12b0a44da56) Importer(815301076,1909f56bfc062723c751e8b465ee728b)
Start importing Assets/Scripts/DecorPlacement.cs using Guid(f419cb53d8c30b84082fc12b0a44da56) Importer(815301076,1909f56bfc062723c751e8b465ee728b)  -> (artifact id: '00000000000000000000000000000000') in 0.000224 seconds
  ERROR: Build asset version error: assets/scripts/decorplacement.cs in SourceAssetDB has modification time of '2022-01-04T16:48:12.4109183Z' while content on disk has modification time of '2022-01-04T16:48:25.665395Z'
  Import took 0.004626 seconds .

========================================================================
Received Import Request.
  Time since last request: 0.009822 seconds.
  path: Assets/Scripts/DecorPlacement.cs
  artifactKey: Guid(f419cb53d8c30b84082fc12b0a44da56) Importer(815301076,1909f56bfc062723c751e8b465ee728b)
Start importing Assets/Scripts/DecorPlacement.cs using Guid(f419cb53d8c30b84082fc12b0a44da56) Importer(815301076,1909f56bfc062723c751e8b465ee728b)  -> (artifact id: '00000000000000000000000000000000') in 0.000357 seconds
  ERROR: Build asset version error: assets/scripts/decorplacement.cs in SourceAssetDB has modification time of '2022-01-04T16:48:12.4109183Z' while content on disk has modification time of '2022-01-04T16:48:25.665395Z'
  Import took 0.005275 seconds .

========================================================================
Received Prepare
Registering precompiled user dll's ...
Registered in 0.002324 seconds.
Begin MonoManager ReloadAssembly
Native extension for WindowsStandalone target not found
Native extension for WebGL target not found
Refreshing native plugins compatible for Editor in 0.72 ms, found 0 plugins.
Preloading 0 native plugins for Editor in 0.00 ms.
Invoked RoslynAnalysisRunner static constructor.
RoslynAnalysisRunner will not be running.
RoslynAnalysisRunner has terminated.
Mono: successfully reloaded assembly
- Completed reload, in  0.761 seconds
Platform modules already initialized, skipping
Refreshing native plugins compatible for Editor in 0.73 ms, found 0 plugins.
Preloading 0 native plugins for Editor in 0.00 ms.
Unloading 3223 Unused Serialized files (Serialized files now loaded: 0)
System memory in use before: 171.5 MB.
System memory in use after: 168.9 MB.

Unloading 36 unused Assets to reduce memory usage. Loaded Objects now: 3947.
Total: 4.378800 ms (FindLiveObjects: 0.305600 ms CreateObjectMapping: 0.073700 ms MarkObjects: 2.103300 ms  DeleteObjects: 1.895600 ms)

========================================================================
Received Prepare
Registering precompiled user dll's ...
Registered in 0.001214 seconds.
Begin MonoManager ReloadAssembly
Native extension for WindowsStandalone target not found
Native extension for WebGL target not found
Refreshing native plugins compatible for Editor in 0.76 ms, found 0 plugins.
Preloading 0 native plugins for Editor in 0.00 ms.
Invoked RoslynAnalysisRunner static constructor.
RoslynAnalysisRunner will not be running.
RoslynAnalysisRunner has terminated.
Mono: successfully reloaded assembly
- Completed reload, in  0.749 seconds
Platform modules already initialized, skipping
Refreshing native plugins compatible for Editor in 0.72 ms, found 0 plugins.
Preloading 0 native plugins for Editor in 0.00 ms.
Unloading 3223 Unused Serialized files (Serialized files now loaded: 0)
System memory in use before: 171.5 MB.
System memory in use after: 168.9 MB.

Unloading 36 unused Assets to reduce memory usage. Loaded Objects now: 3949.
Total: 13.198500 ms (FindLiveObjects: 0.645600 ms CreateObjectMapping: 0.269400 ms MarkObjects: 7.827100 ms  DeleteObjects: 4.454200 ms)

========================================================================
Received Prepare
Registering precompiled user dll's ...
Registered in 0.001193 seconds.
Begin MonoManager ReloadAssembly
Native extension for WindowsStandalone target not found
Native extension for WebGL target not found
Refreshing native plugins compatible for Editor in 0.73 ms, found 0 plugins.
Preloading 0 native plugins for Editor in 0.00 ms.
Invoked RoslynAnalysisRunner static constructor.
RoslynAnalysisRunner will not be running.
RoslynAnalysisRunner has terminated.
Mono: successfully reloaded assembly
- Completed reload, in  0.712 seconds
Platform modules already initialized, skipping
Refreshing native plugins compatible for Editor in 0.78 ms, found 0 plugins.
Preloading 0 native plugins for Editor in 0.00 ms.
Unloading 3223 Unused Serialized files (Serialized files now loaded: 0)
System memory in use before: 171.5 MB.
System memory in use after: 168.9 MB.

Unloading 36 unused Assets to reduce memory usage. Loaded Objects now: 3951.
Total: 4.689700 ms (FindLiveObjects: 0.362800 ms CreateObjectMapping: 0.178300 ms MarkObjects: 2.250800 ms  DeleteObjects: 1.897000 ms)

========================================================================
Received Prepare
Registering precompiled user dll's ...
Registered in 0.001361 seconds.
Begin MonoManager ReloadAssembly
Native extension for WindowsStandalone target not found
Native extension for WebGL target not found
Refreshing native plugins compatible for Editor in 0.73 ms, found 0 plugins.
Preloading 0 native plugins for Editor in 0.00 ms.
Invoked RoslynAnalysisRunner static constructor.
RoslynAnalysisRunner will not be running.
RoslynAnalysisRunner has terminated.
Mono: successfully reloaded assembly
- Completed reload, in  0.774 seconds
Platform modules already initialized, skipping
Refreshing native plugins compatible for Editor in 0.73 ms, found 0 plugins.
Preloading 0 native plugins for Editor in 0.00 ms.
Unloading 3223 Unused Serialized files (Serialized files now loaded: 0)
System memory in use before: 171.5 MB.
System memory in use after: 168.9 MB.

Unloading 36 unused Assets to reduce memory usage. Loaded Objects now: 3953.
Total: 5.071300 ms (FindLiveObjects: 0.403500 ms CreateObjectMapping: 0.230200 ms MarkObjects: 2.292600 ms  DeleteObjects: 2.143900 ms)

========================================================================
Received Prepare
Registering precompiled user dll's ...
Registered in 0.001590 seconds.
Begin MonoManager ReloadAssembly
Native extension for WindowsStandalone target not found
Native extension for WebGL target not found
Refreshing native plugins compatible for Editor in 0.72 ms, found 0 plugins.
Preloading 0 native plugins for Editor in 0.00 ms.
Invoked RoslynAnalysisRunner static constructor.
RoslynAnalysisRunner will not be running.
RoslynAnalysisRunner has terminated.
Mono: successfully reloaded assembly
- Completed reload, in  0.719 seconds
Platform modules already initialized, skipping
Refreshing native plugins compatible for Editor in 0.71 ms, found 0 plugins.
Preloading 0 native plugins for Editor in 0.00 ms.
Unloading 3223 Unused Serialized files (Serialized files now loaded: 0)
System memory in use before: 171.5 MB.
System memory in use after: 168.9 MB.

Unloading 36 unused Assets to reduce memory usage. Loaded Objects now: 3955.
Total: 4.465700 ms (FindLiveObjects: 0.346700 ms CreateObjectMapping: 0.183000 ms MarkObjects: 2.084500 ms  DeleteObjects: 1.850700 ms)

========================================================================
Received Prepare
Registering precompiled user dll's ...
Registered in 0.001174 seconds.
Begin MonoManager ReloadAssembly
Native extension for WindowsStandalone target not found
Native extension for WebGL target not found
Refreshing native plugins compatible for Editor in 0.79 ms, found 0 plugins.
Preloading 0 native plugins for Editor in 0.00 ms.
Invoked RoslynAnalysisRunner static constructor.
RoslynAnalysisRunner will not be running.
RoslynAnalysisRunner has terminated.
Mono: successfully reloaded assembly
- Completed reload, in  0.726 seconds
Platform modules already initialized, skipping
Refreshing native plugins compatible for Editor in 0.75 ms, found 0 plugins.
Preloading 0 native plugins for Editor in 0.00 ms.
Unloading 3223 Unused Serialized files (Serialized files now loaded: 0)
System memory in use before: 171.5 MB.
System memory in use after: 168.9 MB.

Unloading 36 unused Assets to reduce memory usage. Loaded Objects now: 3957.
Total: 6.219200 ms (FindLiveObjects: 0.336600 ms CreateObjectMapping: 0.173000 ms MarkObjects: 3.373700 ms  DeleteObjects: 2.334800 ms)

========================================================================
Received Prepare
Registering precompiled user dll's ...
Registered in 0.001317 seconds.
Begin MonoManager ReloadAssembly
Native extension for WindowsStandalone target not found
Native extension for WebGL target not found
Refreshing native plugins compatible for Editor in 0.72 ms, found 0 plugins.
Preloading 0 native plugins for Editor in 0.00 ms.
Invoked RoslynAnalysisRunner static constructor.
RoslynAnalysisRunner will not be running.
RoslynAnalysisRunner has terminated.
Mono: successfully reloaded assembly
- Completed reload, in  0.728 seconds
Platform modules already initialized, skipping
Refreshing native plugins compatible for Editor in 0.79 ms, found 0 plugins.
Preloading 0 native plugins for Editor in 0.00 ms.
Unloading 3223 Unused Serialized files (Serialized files now loaded: 0)
System memory in use before: 171.5 MB.
System memory in use after: 168.9 MB.

Unloading 36 unused Assets to reduce memory usage. Loaded Objects now: 3959.
Total: 4.798500 ms (FindLiveObjects: 0.435100 ms CreateObjectMapping: 0.207300 ms MarkObjects: 2.196700 ms  DeleteObjects: 1.958700 ms)

========================================================================
Received Prepare
Registering precompiled user dll's ...
Registered in 0.001395 seconds.
Begin MonoManager ReloadAssembly
Native extension for WindowsStandalone target not found
Native extension for WebGL target not found
Refreshing native plugins compatible for Editor in 0.73 ms, found 0 plugins.
Preloading 0 native plugins for Editor in 0.00 ms.
Invoked RoslynAnalysisRunner static constructor.
RoslynAnalysisRunner will not be running.
RoslynAnalysisRunner has terminated.
Mono: successfully reloaded assembly
- Completed reload, in  0.732 seconds
Platform modules already initialized, skipping
Refreshing native plugins compatible for Editor in 0.79 ms, found 0 plugins.
Preloading 0 native plugins for Editor in 0.00 ms.
Unloading 3223 Unused Serialized files (Serialized files now loaded: 0)
System memory in use before: 171.5 MB.
System memory in use after: 168.9 MB.

Unloading 36 unused Assets to reduce memory usage. Loaded Objects now: 3961.
Total: 4.637100 ms (FindLiveObjects: 0.289900 ms CreateObjectMapping: 0.188100 ms MarkObjects: 2.234500 ms  DeleteObjects: 1.923800 ms)

========================================================================
Received Import Request.
  Time since last request: 86.144453 seconds.
  path: Assets/Scripts/DecorPlacement.cs
  artifactKey: Guid(f419cb53d8c30b84082fc12b0a44da56) Importer(815301076,1909f56bfc062723c751e8b465ee728b)
Start importing Assets/Scripts/DecorPlacement.cs using Guid(f419cb53d8c30b84082fc12b0a44da56) Importer(815301076,1909f56bfc062723c751e8b465ee728b)  -> (artifact id: '653b07dca73ef4250214b59ae8b0d702') in 0.008573 seconds
  Import took 0.036503 seconds .

========================================================================
Received Prepare
Registering precompiled user dll's ...
Registered in 0.001429 seconds.
Begin MonoManager ReloadAssembly
Native extension for WindowsStandalone target not found
Native extension for WebGL target not found
Refreshing native plugins compatible for Editor in 0.72 ms, found 0 plugins.
Preloading 0 native plugins for Editor in 0.00 ms.
Invoked RoslynAnalysisRunner static constructor.
RoslynAnalysisRunner will not be running.
RoslynAnalysisRunner has terminated.
Mono: successfully reloaded assembly
- Completed reload, in  0.721 seconds
Platform modules already initialized, skipping
Refreshing native plugins compatible for Editor in 0.71 ms, found 0 plugins.
Preloading 0 native plugins for Editor in 0.00 ms.
Unloading 3223 Unused Serialized files (Serialized files now loaded: 0)
System memory in use before: 171.5 MB.
System memory in use after: 169.0 MB.

Unloading 36 unused Assets to reduce memory usage. Loaded Objects now: 3963.
Total: 4.675400 ms (FindLiveObjects: 0.367200 ms CreateObjectMapping: 0.191500 ms MarkObjects: 2.272000 ms  DeleteObjects: 1.843600 ms)

========================================================================
Received Prepare
Registering precompiled user dll's ...
Registered in 0.001492 seconds.
Begin MonoManager ReloadAssembly
Native extension for WindowsStandalone target not found
Native extension for WebGL target not found
Refreshing native plugins compatible for Editor in 0.72 ms, found 0 plugins.
Preloading 0 native plugins for Editor in 0.00 ms.
Invoked RoslynAnalysisRunner static constructor.
RoslynAnalysisRunner will not be running.
RoslynAnalysisRunner has terminated.
Mono: successfully reloaded assembly
- Completed reload, in  0.741 seconds
Platform modules already initialized, skipping
Refreshing native plugins compatible for Editor in 0.87 ms, found 0 plugins.
Preloading 0 native plugins for Editor in 0.00 ms.
Unloading 3223 Unused Serialized files (Serialized files now loaded: 0)
System memory in use before: 171.5 MB.
System memory in use after: 169.0 MB.

Unloading 36 unused Assets to reduce memory usage. Loaded Objects now: 3965.
Total: 4.522800 ms (FindLiveObjects: 0.440600 ms CreateObjectMapping: 0.226400 ms MarkObjects: 1.962200 ms  DeleteObjects: 1.893100 ms)

========================================================================
Received Import Request.
  Time since last request: 76.656643 seconds.
  path: Assets/Scripts/DecorPlacement.cs
  artifactKey: Guid(f419cb53d8c30b84082fc12b0a44da56) Importer(815301076,1909f56bfc062723c751e8b465ee728b)
Start importing Assets/Scripts/DecorPlacement.cs using Guid(f419cb53d8c30b84082fc12b0a44da56) Importer(815301076,1909f56bfc062723c751e8b465ee728b)  -> (artifact id: '5593f95971a898088f1190b752f98360') in 0.007673 seconds
  Import took 0.055669 seconds .

========================================================================
Received Prepare
Registering precompiled user dll's ...
Registered in 0.001273 seconds.
Begin MonoManager ReloadAssembly
Native extension for WindowsStandalone target not found
Native extension for WebGL target not found
Refreshing native plugins compatible for Editor in 0.71 ms, found 0 plugins.
Preloading 0 native plugins for Editor in 0.00 ms.
Invoked RoslynAnalysisRunner static constructor.
RoslynAnalysisRunner will not be running.
RoslynAnalysisRunner has terminated.
Mono: successfully reloaded assembly
- Completed reload, in  0.726 seconds
Platform modules already initialized, skipping
Refreshing native plugins compatible for Editor in 0.95 ms, found 0 plugins.
Preloading 0 native plugins for Editor in 0.00 ms.
Unloading 3223 Unused Serialized files (Serialized files now loaded: 0)
System memory in use before: 171.5 MB.
System memory in use after: 169.0 MB.

Unloading 36 unused Assets to reduce memory usage. Loaded Objects now: 3967.
Total: 4.313100 ms (FindLiveObjects: 0.353500 ms CreateObjectMapping: 0.185200 ms MarkObjects: 1.867300 ms  DeleteObjects: 1.906000 ms)

========================================================================
Received Import Request.
  Time since last request: 125.229724 seconds.
  path: Assets/Scripts/DecorPlacement.cs
  artifactKey: Guid(f419cb53d8c30b84082fc12b0a44da56) Importer(815301076,1909f56bfc062723c751e8b465ee728b)
Start importing Assets/Scripts/DecorPlacement.cs using Guid(f419cb53d8c30b84082fc12b0a44da56) Importer(815301076,1909f56bfc062723c751e8b465ee728b)  -> (artifact id: '5e820602108741e0eb01b43aa00c3902') in 0.007611 seconds
  Import took 0.043235 seconds .

========================================================================
Received Prepare
Registering precompiled user dll's ...
Registered in 0.001656 seconds.
Begin MonoManager ReloadAssembly
Native extension for WindowsStandalone target not found
Native extension for WebGL target not found
Refreshing native plugins compatible for Editor in 0.83 ms, found 0 plugins.
Preloading 0 native plugins for Editor in 0.00 ms.
Invoked RoslynAnalysisRunner static constructor.
RoslynAnalysisRunner will not be running.
RoslynAnalysisRunner has terminated.
Mono: successfully reloaded assembly
- Completed reload, in  0.720 seconds
Platform modules already initialized, skipping
Refreshing native plugins compatible for Editor in 0.86 ms, found 0 plugins.
Preloading 0 native plugins for Editor in 0.00 ms.
Unloading 3223 Unused Serialized files (Serialized files now loaded: 0)
System memory in use before: 171.5 MB.
System memory in use after: 169.0 MB.

Unloading 36 unused Assets to reduce memory usage. Loaded Objects now: 3969.
Total: 5.517600 ms (FindLiveObjects: 0.394000 ms CreateObjectMapping: 0.194300 ms MarkObjects: 2.671500 ms  DeleteObjects: 2.256900 ms)

========================================================================
Received Import Request.
  Time since last request: 104.237955 seconds.
  path: Assets/Scripts/DecorPlacement.cs
  artifactKey: Guid(f419cb53d8c30b84082fc12b0a44da56) Importer(815301076,1909f56bfc062723c751e8b465ee728b)
Start importing Assets/Scripts/DecorPlacement.cs using Guid(f419cb53d8c30b84082fc12b0a44da56) Importer(815301076,1909f56bfc062723c751e8b465ee728b)  -> (artifact id: '8b9dc82648ab6b156f8a4567d66767c1') in 0.010709 seconds
  Import took 0.041441 seconds .

========================================================================
Received Prepare
Registering precompiled user dll's ...
Registered in 0.001219 seconds.
Begin MonoManager ReloadAssembly
Native extension for WindowsStandalone target not found
Native extension for WebGL target not found
Refreshing native plugins compatible for Editor in 0.74 ms, found 0 plugins.
Preloading 0 native plugins for Editor in 0.00 ms.
Invoked RoslynAnalysisRunner static constructor.
RoslynAnalysisRunner will not be running.
RoslynAnalysisRunner has terminated.
Mono: successfully reloaded assembly
- Completed reload, in  0.718 seconds
Platform modules already initialized, skipping
Refreshing native plugins compatible for Editor in 0.88 ms, found 0 plugins.
Preloading 0 native plugins for Editor in 0.00 ms.
Unloading 3223 Unused Serialized files (Serialized files now loaded: 0)
System memory in use before: 171.5 MB.
System memory in use after: 169.0 MB.

Unloading 36 unused Assets to reduce memory usage. Loaded Objects now: 3971.
Total: 5.353600 ms (FindLiveObjects: 0.423900 ms CreateObjectMapping: 0.209800 ms MarkObjects: 2.380300 ms  DeleteObjects: 2.338700 ms)

========================================================================
Received Prepare
Registering precompiled user dll's ...
Registered in 0.001429 seconds.
Begin MonoManager ReloadAssembly
Native extension for WindowsStandalone target not found
Native extension for WebGL target not found
Refreshing native plugins compatible for Editor in 0.73 ms, found 0 plugins.
Preloading 0 native plugins for Editor in 0.00 ms.
Invoked RoslynAnalysisRunner static constructor.
RoslynAnalysisRunner will not be running.
RoslynAnalysisRunner has terminated.
Mono: successfully reloaded assembly
- Completed reload, in  0.733 seconds
Platform modules already initialized, skipping
Refreshing native plugins compatible for Editor in 0.71 ms, found 0 plugins.
Preloading 0 native plugins for Editor in 0.00 ms.
Unloading 3223 Unused Serialized files (Serialized files now loaded: 0)
System memory in use before: 171.5 MB.
System memory in use after: 169.0 MB.

Unloading 36 unused Assets to reduce memory usage. Loaded Objects now: 3973.
Total: 4.876400 ms (FindLiveObjects: 0.375100 ms CreateObjectMapping: 0.186000 ms MarkObjects: 2.216300 ms  DeleteObjects: 2.098000 ms)

========================================================================
Received Import Request.
  Time since last request: 137.857124 seconds.
  path: Assets/Scripts/DecorPlacement.cs
  artifactKey: Guid(f419cb53d8c30b84082fc12b0a44da56) Importer(815301076,1909f56bfc062723c751e8b465ee728b)
Start importing Assets/Scripts/DecorPlacement.cs using Guid(f419cb53d8c30b84082fc12b0a44da56) Importer(815301076,1909f56bfc062723c751e8b465ee728b)  -> (artifact id: '64a7ee7f7aeb23813d8d5a1bb3c598fc') in 0.007881 seconds
  Import took 0.024808 seconds .

========================================================================
Received Prepare
Registering precompiled user dll's ...
Registered in 0.001306 seconds.
Begin MonoManager ReloadAssembly
Native extension for WindowsStandalone target not found
Native extension for WebGL target not found
Refreshing native plugins compatible for Editor in 0.87 ms, found 0 plugins.
Preloading 0 native plugins for Editor in 0.00 ms.
Invoked RoslynAnalysisRunner static constructor.
RoslynAnalysisRunner will not be running.
RoslynAnalysisRunner has terminated.
Mono: successfully reloaded assembly
- Completed reload, in  0.710 seconds
Platform modules already initialized, skipping
Refreshing native plugins compatible for Editor in 0.77 ms, found 0 plugins.
Preloading 0 native plugins for Editor in 0.00 ms.
Unloading 3223 Unused Serialized files (Serialized files now loaded: 0)
System memory in use before: 171.6 MB.
System memory in use after: 169.0 MB.

Unloading 36 unused Assets to reduce memory usage. Loaded Objects now: 3975.
Total: 5.058400 ms (FindLiveObjects: 0.566300 ms CreateObjectMapping: 0.181700 ms MarkObjects: 2.312800 ms  DeleteObjects: 1.996600 ms)

AssetImportWorkerClient::OnTransportError - code=2 error=End of file
